StreamPart(event='metadata', data={'run_id': '1f078ddb-9dba-67da-a6e5-161e05101bb8', 'attempt': 1})
StreamPart(event='values', data={'task_result': None, 'node_result': []})
StreamPart(
    event='values',
    data={
        'task_result': None,
        'node_result': [
            {
                'execute_node_name': 'sagt_welcome_message',
                'execute_result_code': 0,
                'execute_result_msg': '您好，我是Sagt，很高兴为您服务',
                'execute_exceptions': []
            }
        ]
    }
)
StreamPart(
    event='values',
    data={
        'task_result': None,
        'node_result': [
            {
                'execute_node_name': 'sagt_welcome_message',
                'execute_result_code': 0,
                'execute_result_msg': '您好，我是Sagt，很高兴为您服务',
                'execute_exceptions': []
            },
            {
                'execute_node_name': 'load_welcome_message_node',
                'execute_result_code': 0,
                'execute_result_msg': '正在为您加载数据，请稍等。',
                'execute_exceptions': []
            }
        ]
    }
)
StreamPart(
    event='values',
    data={
        'task_result': None,
        'node_result': [
            {
                'execute_node_name': 'sagt_welcome_message',
                'execute_result_code': 0,
                'execute_result_msg': '您好，我是Sagt，很高兴为您服务',
                'execute_exceptions': []
            },
            {
                'execute_node_name': 'load_welcome_message_node',
                'execute_result_code': 0,
                'execute_result_msg': '正在为您加载数据，请稍等。',
                'execute_exceptions': []
            },
            {
                'execute_node_name': 'load_employee_info_node',
                'execute_result_code': 0,
                'execute_result_msg': '完成员工信息加载',
                'execute_exceptions': []
            }
        ]
    }
)
StreamPart(
    event='values',
    data={
        'task_result': None,
        'node_result': [
            {
                'execute_node_name': 'sagt_welcome_message',
                'execute_result_code': 0,
                'execute_result_msg': '您好，我是Sagt，很高兴为您服务',
                'execute_exceptions': []
            },
            {
                'execute_node_name': 'load_welcome_message_node',
                'execute_result_code': 0,
                'execute_result_msg': '正在为您加载数据，请稍等。',
                'execute_exceptions': []
            },
            {
                'execute_node_name': 'load_employee_info_node',
                'execute_result_code': 0,
                'execute_result_msg': '完成员工信息加载',
                'execute_exceptions': []
            },
            {
                'execute_node_name': 'load_tag_setting_node',
                'execute_result_code': 0,
                'execute_result_msg': '完成标签设置加载',
                'execute_exceptions': []
            }
        ]
    }
)
StreamPart(
    event='values',
    data={
        'task_result': None,
        'node_result': [
            {
                'execute_node_name': 'sagt_welcome_message',
                'execute_result_code': 0,
                'execute_result_msg': '您好，我是Sagt，很高兴为您服务',
                'execute_exceptions': []
            },
            {
                'execute_node_name': 'load_welcome_message_node',
                'execute_result_code': 0,
                'execute_result_msg': '正在为您加载数据，请稍等。',
                'execute_exceptions': []
            },
            {
                'execute_node_name': 'load_employee_info_node',
                'execute_result_code': 0,
                'execute_result_msg': '完成员工信息加载',
                'execute_exceptions': []
            },
            {
                'execute_node_name': 'load_tag_setting_node',
                'execute_result_code': 0,
                'execute_result_msg': '完成标签设置加载',
                'execute_exceptions': []
            },
            {
                'execute_node_name': 'load_customer_info_node',
                'execute_result_code': 0,
                'execute_result_msg': '完成客户信息加载',
                'execute_exceptions': []
            }
        ]
    }
)
StreamPart(
    event='values',
    data={
        'task_result': None,
        'node_result': [
            {
                'execute_node_name': 'sagt_welcome_message',
                'execute_result_code': 0,
                'execute_result_msg': '您好，我是Sagt，很高兴为您服务',
                'execute_exceptions': []
            },
            {
                'execute_node_name': 'load_welcome_message_node',
                'execute_result_code': 0,
                'execute_result_msg': '正在为您加载数据，请稍等。',
                'execute_exceptions': []
            },
            {
                'execute_node_name': 'load_employee_info_node',
                'execute_result_code': 0,
                'execute_result_msg': '完成员工信息加载',
                'execute_exceptions': []
            },
            {
                'execute_node_name': 'load_tag_setting_node',
                'execute_result_code': 0,
                'execute_result_msg': '完成标签设置加载',
                'execute_exceptions': []
            },
            {
                'execute_node_name': 'load_customer_info_node',
                'execute_result_code': 0,
                'execute_result_msg': '完成客户信息加载',
                'execute_exceptions': []
            },
            {
                'execute_node_name': 'load_chat_history_node',
                'execute_result_code': 0,
                'execute_result_msg': '完成聊天消息加载',
                'execute_exceptions': []
            }
        ]
    }
)
StreamPart(
    event='values',
    data={
        'task_result': None,
        'node_result': [
            {
                'execute_node_name': 'sagt_welcome_message',
                'execute_result_code': 0,
                'execute_result_msg': '您好，我是Sagt，很高兴为您服务',
                'execute_exceptions': []
            },
            {
                'execute_node_name': 'load_welcome_message_node',
                'execute_result_code': 0,
                'execute_result_msg': '正在为您加载数据，请稍等。',
                'execute_exceptions': []
            },
            {
                'execute_node_name': 'load_employee_info_node',
                'execute_result_code': 0,
                'execute_result_msg': '完成员工信息加载',
                'execute_exceptions': []
            },
            {
                'execute_node_name': 'load_tag_setting_node',
                'execute_result_code': 0,
                'execute_result_msg': '完成标签设置加载',
                'execute_exceptions': []
            },
            {
                'execute_node_name': 'load_customer_info_node',
                'execute_result_code': 0,
                'execute_result_msg': '完成客户信息加载',
                'execute_exceptions': []
            },
            {
                'execute_node_name': 'load_chat_history_node',
                'execute_result_code': 0,
                'execute_result_msg': '完成聊天消息加载',
                'execute_exceptions': []
            },
            {
                'execute_node_name': 'load_kf_chat_history_node',
                'execute_result_code': 0,
                'execute_result_msg': '完成微信客服信息加载',
                'execute_exceptions': []
            }
        ]
    }
)
StreamPart(
    event='values',
    data={
        'task_result': None,
        'node_result': [
            {
                'execute_node_name': 'sagt_welcome_message',
                'execute_result_code': 0,
                'execute_result_msg': '您好，我是Sagt，很高兴为您服务',
                'execute_exceptions': []
            },
            {
                'execute_node_name': 'load_welcome_message_node',
                'execute_result_code': 0,
                'execute_result_msg': '正在为您加载数据，请稍等。',
                'execute_exceptions': []
            },
            {
                'execute_node_name': 'load_employee_info_node',
                'execute_result_code': 0,
                'execute_result_msg': '完成员工信息加载',
                'execute_exceptions': []
            },
            {
                'execute_node_name': 'load_tag_setting_node',
                'execute_result_code': 0,
                'execute_result_msg': '完成标签设置加载',
                'execute_exceptions': []
            },
            {
                'execute_node_name': 'load_customer_info_node',
                'execute_result_code': 0,
                'execute_result_msg': '完成客户信息加载',
                'execute_exceptions': []
            },
            {
                'execute_node_name': 'load_chat_history_node',
                'execute_result_code': 0,
                'execute_result_msg': '完成聊天消息加载',
                'execute_exceptions': []
            },
            {
                'execute_node_name': 'load_kf_chat_history_node',
                'execute_result_code': 0,
                'execute_result_msg': '完成微信客服信息加载',
                'execute_exceptions': []
            },
            {
                'execute_node_name': 'load_order_history_node',
                'execute_result_code': 0,
                'execute_result_msg': '完成订单信息加载',
                'execute_exceptions': []
            }
        ]
    }
)
StreamPart(
    event='values|profile_suggestion:39a47757-47d9-a7f8-5d26-99213712488e',
    data={
        'node_result': [
            {
                'execute_node_name': 'profile_welcome_node',
                'execute_result_code': 0,
                'execute_result_msg': '正在生成客户画像，请稍等...',
                'execute_exceptions': []
            }
        ]
    }
)
StreamPart(
    event='values|profile_suggestion:39a47757-47d9-a7f8-5d26-99213712488e',
    data={
        'task_result': {
            'task_result': '生成客户profile成功：\n{\n  "profile_items": [\n    {\n      "item_name": "姓名",\n 
"item_value": "程先生（程哥、大程哥）"\n    },\n    {\n      "item_name": "年龄",\n      "item_value": "中年"\n 
},\n    {\n      "item_name": "性别",\n      "item_value": "男"\n    },\n    {\n      "item_name": "职业",\n    
"item_value": "未明确提及"\n    },\n    {\n      "item_name": "兴趣爱好",\n      "item_value": 
"品酒、收藏酒、家庭聚会"\n    },\n    {\n      "item_name": "婚姻状况",\n      "item_value": "已婚"\n    },\n   
{\n      "item_name": "教育程度",\n      "item_value": "未明确提及"\n    },\n    {\n      "item_name": 
"饮酒频率",\n      "item_value": "高频，每周/多次"\n    },\n    {\n      "item_name": "饮酒场景",\n      
"item_value": "商务宴请、家庭聚会、独自小酌"\n    },\n    {\n      "item_name": "饮酒金额",\n      "item_value":
"高端，单瓶价格500元以上"\n    },\n    {\n      "item_name": "饮酒口感偏好",\n      "item_value": 
"醇厚、陈酿、药香等"\n    },\n    {\n      "item_name": "饮酒购买渠道",\n      "item_value": 
"线下实体店、线上电商平台、销售人员预留"\n    },\n    {\n      "item_name": "饮食习惯",\n      "item_value": 
"无特别忌口，对酒品选择有高要求"\n    },\n    {\n      "item_name": "出行方式",\n      "item_value": 
"未明确提及"\n    },\n    {\n      "item_name": "宠物情况",\n      "item_value": "未提及"\n    },\n    {\n      
"item_name": "娱乐活动偏好",\n      "item_value": "未明确提及"\n    },\n    {\n      "item_name": "家庭成员",\n 
"item_value": "妻子、子女"\n    },\n    {\n      "item_name": "常喝的酒的种类",\n      "item_value": 
"白酒（酱香型）、红酒、药酒"\n    },\n    {\n      "item_name": "喜欢的酒的品牌",\n      "item_value": 
"茅台、红花郎、五粮液、奔富"\n    },\n    {\n      "item_name": "消费频率",\n      "item_value": 
"经常，有需求时即购买"\n    },\n    {\n      "item_name": "消费场景",\n      "item_value": 
"商务宴请、家庭聚会、送礼"\n    },\n    {\n      "item_name": "每次消费的大致金额",\n      "item_value": 
"较高，单价500元以上"\n    },\n    {\n      "item_name": "对酒的口感偏好",\n      "item_value": 
"偏爱酱香型、药酒、老字号品牌"\n    },\n    {\n      "item_name": "购买渠道",\n      "item_value": 
"一级经销商直供、销售人员预留、官方实体店"\n    }\n  ]\n}',
            'task_result_explain': '生成客户profile成功',
            'task_result_code': 0
        },
        'node_result': [
            {
                'execute_node_name': 'profile_welcome_node',
                'execute_result_code': 0,
                'execute_result_msg': '正在生成客户画像，请稍等...',
                'execute_exceptions': []
            },
            {
                'execute_node_name': 'profile_suggest_node',
                'execute_result_code': 0,
                'execute_result_msg': '生成客户profile成功，等待人工确认',
                'execute_exceptions': []
            }
        ]
    }
)
StreamPart(
    event="values|{'|'.join(ns)}",
    data={
        '__interrupt__': [
            {
                'value': {
                    'description': '这是帮您生成的客户Profile，您可以确认、放弃、重新生成。',
                    'old_profile': {'profile_items': []},
                    'new_profile': {
                        'profile_items': [
                            {'item_name': '姓名', 'item_value': '程先生（程哥、大程哥）'},
                            {'item_name': '年龄', 'item_value': '中年'},
                            {'item_name': '性别', 'item_value': '男'},
                            {'item_name': '职业', 'item_value': '未明确提及'},
                            {'item_name': '兴趣爱好', 'item_value': '品酒、收藏酒、家庭聚会'},
                            {'item_name': '婚姻状况', 'item_value': '已婚'},
                            {'item_name': '教育程度', 'item_value': '未明确提及'},
                            {'item_name': '饮酒频率', 'item_value': '高频，每周/多次'},
                            {'item_name': '饮酒场景', 'item_value': '商务宴请、家庭聚会、独自小酌'},
                            {'item_name': '饮酒金额', 'item_value': '高端，单瓶价格500元以上'},
                            {'item_name': '饮酒口感偏好', 'item_value': '醇厚、陈酿、药香等'},
                            {
                                'item_name': '饮酒购买渠道',
                                'item_value': '线下实体店、线上电商平台、销售人员预留'
                            },
                            {'item_name': '饮食习惯', 'item_value': '无特别忌口，对酒品选择有高要求'},
                            {'item_name': '出行方式', 'item_value': '未明确提及'},
                            {'item_name': '宠物情况', 'item_value': '未提及'},
                            {'item_name': '娱乐活动偏好', 'item_value': '未明确提及'},
                            {'item_name': '家庭成员', 'item_value': '妻子、子女'},
                            {'item_name': '常喝的酒的种类', 'item_value': '白酒（酱香型）、红酒、药酒'},
                            {'item_name': '喜欢的酒的品牌', 'item_value': '茅台、红花郎、五粮液、奔富'},
                            {'item_name': '消费频率', 'item_value': '经常，有需求时即购买'},
                            {'item_name': '消费场景', 'item_value': '商务宴请、家庭聚会、送礼'},
                            {'item_name': '每次消费的大致金额', 'item_value': '较高，单价500元以上'},
                            {'item_name': '对酒的口感偏好', 'item_value': '偏爱酱香型、药酒、老字号品牌'},
                            {
                                'item_name': '购买渠道',
                                'item_value': '一级经销商直供、销售人员预留、官方实体店'
                            }
                        ]
                    }
                },
                'id': '2037595e01eab71624455a2b1da0d897'
            }
        ]
    }
)
StreamPart(
    event='values',
    data={
        '__interrupt__': [
            {
                'value': {
                    'description': '这是帮您生成的客户Profile，您可以确认、放弃、重新生成。',
                    'old_profile': {'profile_items': []},
                    'new_profile': {
                        'profile_items': [
                            {'item_name': '姓名', 'item_value': '程先生（程哥、大程哥）'},
                            {'item_name': '年龄', 'item_value': '中年'},
                            {'item_name': '性别', 'item_value': '男'},
                            {'item_name': '职业', 'item_value': '未明确提及'},
                            {'item_name': '兴趣爱好', 'item_value': '品酒、收藏酒、家庭聚会'},
                            {'item_name': '婚姻状况', 'item_value': '已婚'},
                            {'item_name': '教育程度', 'item_value': '未明确提及'},
                            {'item_name': '饮酒频率', 'item_value': '高频，每周/多次'},
                            {'item_name': '饮酒场景', 'item_value': '商务宴请、家庭聚会、独自小酌'},
                            {'item_name': '饮酒金额', 'item_value': '高端，单瓶价格500元以上'},
                            {'item_name': '饮酒口感偏好', 'item_value': '醇厚、陈酿、药香等'},
                            {
                                'item_name': '饮酒购买渠道',
                                'item_value': '线下实体店、线上电商平台、销售人员预留'
                            },
                            {'item_name': '饮食习惯', 'item_value': '无特别忌口，对酒品选择有高要求'},
                            {'item_name': '出行方式', 'item_value': '未明确提及'},
                            {'item_name': '宠物情况', 'item_value': '未提及'},
                            {'item_name': '娱乐活动偏好', 'item_value': '未明确提及'},
                            {'item_name': '家庭成员', 'item_value': '妻子、子女'},
                            {'item_name': '常喝的酒的种类', 'item_value': '白酒（酱香型）、红酒、药酒'},
                            {'item_name': '喜欢的酒的品牌', 'item_value': '茅台、红花郎、五粮液、奔富'},
                            {'item_name': '消费频率', 'item_value': '经常，有需求时即购买'},
                            {'item_name': '消费场景', 'item_value': '商务宴请、家庭聚会、送礼'},
                            {'item_name': '每次消费的大致金额', 'item_value': '较高，单价500元以上'},
                            {'item_name': '对酒的口感偏好', 'item_value': '偏爱酱香型、药酒、老字号品牌'},
                            {
                                'item_name': '购买渠道',
                                'item_value': '一级经销商直供、销售人员预留、官方实体店'
                            }
                        ]
                    }
                },
                'id': '2037595e01eab71624455a2b1da0d897'
            }
        ]
    }
)
任务完成
